<?xml version="1.0" encoding="UTF-8"?>
<!-- Generated by org.testng.reporters.JUnitReportReporter -->
<testsuite hostname="RajaBalaji" failures="0" tests="1" name="vtiger.OrganizationTest.CreateOrganizationWithIndustryDropDownTest" time="22.128" errors="0" timestamp="2024-03-19T10:14:46 IST" skipped="0">
  <testcase classname="vtiger.OrganizationTest.CreateOrganizationWithIndustryDropDownTest" name="toCreateOrganizationIndustryDropDown_002" time="22.128"/>
  <system-out>
    <![CDATA[Database Connection Established]]>
  </system-out>
</testsuite> <!-- vtiger.OrganizationTest.CreateOrganizationWithIndustryDropDownTest -->
