<?xml version="1.0" encoding="UTF-8"?>
<!-- Generated by org.testng.reporters.JUnitReportReporter -->
<testsuite hostname="RajaBalaji" failures="0" tests="1" name="vtiger.ContactsTest.CreateContactWithOrganizationTest" time="22.527" errors="0" timestamp="2024-03-23T18:16:38 IST" skipped="0">
  <testcase classname="vtiger.ContactsTest.CreateContactWithOrganizationTest" name="createContactWithOrganization" time="22.527">
    <system-out>
      <![CDATA[Clicked on contacts link successfully
Clicked on contact lookup image
Clicked on save button]]>
    </system-out>
  </testcase> <!-- createContactWithOrganization -->
  <system-out>
    <![CDATA[Database Connection Established
Clicked on contacts link successfully
Clicked on contact lookup image
Clicked on save button]]>
  </system-out>
</testsuite> <!-- vtiger.ContactsTest.CreateContactWithOrganizationTest -->
