<?xml version="1.0" encoding="UTF-8"?>
<!-- Generated by org.testng.reporters.JUnitReportReporter -->
<testsuite hostname="RajaBalaji" failures="0" tests="1" name="vtiger.OrganizationTest.CreateOrganizationWithIndustryTypeDropDownTest" time="22.383" errors="0" timestamp="2024-03-19T09:48:28 IST" skipped="0">
  <testcase classname="vtiger.OrganizationTest.CreateOrganizationWithIndustryTypeDropDownTest" name="toCreateorganizationWithIndustryTyoeDropDown_003" time="22.383"/>
  <system-out>
    <![CDATA[Database Connection Established]]>
  </system-out>
</testsuite> <!-- vtiger.OrganizationTest.CreateOrganizationWithIndustryTypeDropDownTest -->
