<?xml version="1.0" encoding="UTF-8"?>
<!-- Generated by org.testng.reporters.JUnitReportReporter -->
<testsuite hostname="RajaBalaji" failures="0" tests="1" name="genericUtility.JavaUtility" time="0.031" errors="0" timestamp="2024-03-20T08:46:40 IST" skipped="0">
  <testcase classname="genericUtility.JavaUtility" name="toGetSystemDateAndTime" time="0.031"/>
</testsuite> <!-- genericUtility.JavaUtility -->
