<?xml version="1.0" encoding="UTF-8"?>
<!-- Generated by org.testng.reporters.JUnitReportReporter -->
<testsuite hostname="RajaBalaji" failures="0" tests="1" name="vtiger.ContactsTest.CreateContactTest" time="20.634" errors="0" timestamp="2024-03-23T18:14:26 IST" skipped="0">
  <testcase classname="vtiger.ContactsTest.CreateContactTest" name="toCreateContact_001" time="20.634">
    <system-out>
      <![CDATA[Click on Contacts link successfull 
Clicked on contacts link
Clicked on save button]]>
    </system-out>
  </testcase> <!-- toCreateContact_001 -->
  <system-out>
    <![CDATA[Database Connection Established
Click on Contacts link successfull 
Clicked on contacts link
Clicked on save button]]>
  </system-out>
</testsuite> <!-- vtiger.ContactsTest.CreateContactTest -->
