<?xml version="1.0" encoding="UTF-8"?>
<!-- Generated by org.testng.reporters.JUnitReportReporter -->
<testsuite hostname="RajaBalaji" failures="0" tests="1" name="vtiger.OrganizationTest.CreateOrganizationTest" time="21.138" errors="0" timestamp="2024-03-19T10:18:39 IST" skipped="0">
  <testcase classname="vtiger.OrganizationTest.CreateOrganizationTest" name="toCreateOrganization_001" time="21.138"/>
  <system-out>
    <![CDATA[Database Connection Established]]>
  </system-out>
</testsuite> <!-- vtiger.OrganizationTest.CreateOrganizationTest -->
