<?xml version="1.0" encoding="UTF-8"?>
<!-- Generated by org.testng.reporters.JUnitReportReporter -->
<testsuite hostname="RajaBalaji" failures="0" tests="1" name="com.vtiger.generic.webdriverutility.JavaUtility" time="0.039" errors="0" timestamp="2024-05-15T12:59:40 IST" skipped="0">
  <testcase classname="com.vtiger.generic.webdriverutility.JavaUtility" name="SystemDateAndTime" time="0.039"/>
  <system-out/>
</testsuite> <!-- com.vtiger.generic.webdriverutility.JavaUtility -->
