<?xml version="1.0" encoding="UTF-8"?>
<!-- Generated by org.testng.reporters.JUnitReportReporter -->
<testsuite hostname="RajaBalaji" failures="0" tests="1" name="com.Vtiger.OrganizationTest.CreateOrganizationTest" time="24.519" errors="0" timestamp="2024-05-14T12:57:08 IST" skipped="0">
  <testcase classname="com.Vtiger.OrganizationTest.CreateOrganizationTest" name="toCreateOrganization" time="24.519"/>
  <system-out/>
</testsuite> <!-- com.Vtiger.OrganizationTest.CreateOrganizationTest -->
