<?xml version="1.0" encoding="UTF-8"?>
<!-- Generated by org.testng.reporters.JUnitReportReporter -->
<testsuite hostname="RajaBalaji" failures="0" tests="1" name="com.Vtiger.OrganizationTest.CreateOrganizationWithIndustryTypeDropDown" time="24.325" errors="0" timestamp="2024-05-14T10:03:50 IST" skipped="0">
  <testcase classname="com.Vtiger.OrganizationTest.CreateOrganizationWithIndustryTypeDropDown" name="toCreateContactWithIndustry" time="24.325"/>
  <system-out/>
</testsuite> <!-- com.Vtiger.OrganizationTest.CreateOrganizationWithIndustryTypeDropDown -->
