<?xml version="1.0" encoding="UTF-8"?>
<!-- Generated by org.testng.reporters.JUnitReportReporter -->
<testsuite hostname="RajaBalaji" failures="0" tests="3" name="practicedatadriventesting.ToLearnDataProvider" time="0.009" errors="0" timestamp="2024-05-10T10:08:40 IST" skipped="0">
  <testcase classname="practicedatadriventesting.ToLearnDataProvider" name="createContact" time="0.002"/>
  <system-out/>
  <testcase classname="practicedatadriventesting.ToLearnDataProvider" name="createContact" time="0.006"/>
  <system-out/>
  <testcase classname="practicedatadriventesting.ToLearnDataProvider" name="createContact" time="0.001"/>
  <system-out/>
</testsuite> <!-- practicedatadriventesting.ToLearnDataProvider -->
