<?xml version="1.0" encoding="UTF-8"?>
<!-- Generated by org.testng.reporters.JUnitReportReporter -->
<testsuite hostname="RajaBalaji" failures="0" tests="1" name="com.Vtiger.OrganizationTest.CreateOrganizationWithPhoneNumber" time="16.054" errors="0" timestamp="2024-05-14T10:03:50 IST" skipped="0">
  <testcase classname="com.Vtiger.OrganizationTest.CreateOrganizationWithPhoneNumber" name="toCreateOrganizationWithPhone" time="16.054"/>
  <system-out/>
</testsuite> <!-- com.Vtiger.OrganizationTest.CreateOrganizationWithPhoneNumber -->
