<?xml version="1.0" encoding="UTF-8"?>
<!-- Generated by org.testng.reporters.JUnitReportReporter -->
<testsuite hostname="RajaBalaji" failures="0" tests="1" name="practicedatadriventesting.VerifyTheDatapresentInDataBaseTest" time="0.439" errors="0" timestamp="2024-05-04T13:06:08 IST" skipped="0">
  <testcase classname="practicedatadriventesting.VerifyTheDatapresentInDataBaseTest" name="verifyprojectcheck" time="0.439"/>
  <system-out/>
</testsuite> <!-- practicedatadriventesting.VerifyTheDatapresentInDataBaseTest -->
