<?xml version="1.0" encoding="UTF-8"?>
<!-- Generated by org.testng.reporters.JUnitReportReporter -->
<testsuite hostname="RajaBalaji" failures="0" tests="3" name="dataProviderTest.ToLearnDataProviderInEcommerceTest" time="32.846" errors="0" timestamp="2024-05-10T12:24:57 IST" skipped="0">
  <testcase classname="dataProviderTest.ToLearnDataProviderInEcommerceTest" name="getProductRate" time="8.665"/>
  <system-out/>
  <testcase classname="dataProviderTest.ToLearnDataProviderInEcommerceTest" name="getProductRate" time="7.754"/>
  <system-out/>
  <testcase classname="dataProviderTest.ToLearnDataProviderInEcommerceTest" name="getProductRate" time="16.427"/>
  <system-out/>
</testsuite> <!-- dataProviderTest.ToLearnDataProviderInEcommerceTest -->
