<?xml version="1.0" encoding="UTF-8"?>
<!-- Generated by org.testng.reporters.JUnitReportReporter -->
<testsuite hostname="RajaBalaji" failures="0" tests="1" name="com.Vtiger.ContactTest.CreateContactTest" time="20.924" errors="0" timestamp="2024-05-17T12:45:19 IST" skipped="0">
  <testcase classname="com.Vtiger.ContactTest.CreateContactTest" name="toCreateContact" time="20.924"/>
  <system-out/>
</testsuite> <!-- com.Vtiger.ContactTest.CreateContactTest -->
