<?xml version="1.0" encoding="UTF-8"?>
<!-- Generated by org.testng.reporters.JUnitReportReporter -->
<testsuite hostname="RajaBalaji" failures="0" tests="1" name="practicedatadriventesting.SampleTestForScreenShotTest" time="8.183" errors="0" timestamp="2024-05-14T15:02:55 IST" skipped="0">
  <testcase classname="practicedatadriventesting.SampleTestForScreenShotTest" name="flipkartTest" time="8.183"/>
  <system-out/>
</testsuite> <!-- practicedatadriventesting.SampleTestForScreenShotTest -->
