<?xml version="1.0" encoding="UTF-8"?>
<!-- Generated by org.testng.reporters.JUnitReportReporter -->
<testsuite hostname="RajaBalaji" failures="0" tests="1" name="practicedatadriventesting.ReadDataFromXmlTest" time="19.311" errors="0" timestamp="2024-05-03T17:25:55 IST" skipped="0">
  <testcase classname="practicedatadriventesting.ReadDataFromXmlTest" name="readfromxml" time="19.311"/>
  <system-out/>
</testsuite> <!-- practicedatadriventesting.ReadDataFromXmlTest -->
