<?xml version="1.0" encoding="UTF-8"?>
<!-- Generated by org.testng.reporters.JUnitReportReporter -->
<testsuite hostname="RajaBalaji" failures="0" tests="1" name="com.Vtiger.ContactTest.CreateContactWithSupportDate" time="20.463" errors="0" timestamp="2024-05-17T10:13:12 IST" skipped="0">
  <testcase classname="com.Vtiger.ContactTest.CreateContactWithSupportDate" name="toCreateContactWithSupportDate" time="20.463"/>
  <system-out/>
</testsuite> <!-- com.Vtiger.ContactTest.CreateContactWithSupportDate -->
