<?xml version="1.0" encoding="UTF-8"?>
<!-- Generated by org.testng.reporters.JUnitReportReporter -->
<testsuite hostname="RajaBalaji" failures="0" tests="7" name="practicedatadriventesting.ToWorkOnHelperAttributes" time="0.030" errors="0" timestamp="2024-05-10T09:38:48 IST" skipped="0">
  <testcase classname="practicedatadriventesting.ToWorkOnHelperAttributes" name="modifyContact" time="0.001"/>
  <system-out/>
  <testcase classname="practicedatadriventesting.ToWorkOnHelperAttributes" name="createContact" time="0.010"/>
  <system-out/>
  <testcase classname="practicedatadriventesting.ToWorkOnHelperAttributes" name="modifyContact" time="0.002"/>
  <system-out/>
  <testcase classname="practicedatadriventesting.ToWorkOnHelperAttributes" name="createContact" time="0.010"/>
  <system-out/>
  <testcase classname="practicedatadriventesting.ToWorkOnHelperAttributes" name="deleteContact" time="0.002"/>
  <system-out/>
  <testcase classname="practicedatadriventesting.ToWorkOnHelperAttributes" name="modifyContact" time="0.000"/>
  <system-out/>
  <testcase classname="practicedatadriventesting.ToWorkOnHelperAttributes" name="modifyContact" time="0.005"/>
  <system-out/>
</testsuite> <!-- practicedatadriventesting.ToWorkOnHelperAttributes -->
